<?xml version="1.0" encoding="UTF-8"?>
<!-- Generated by org.testng.reporters.JUnitReportReporter -->
<testsuite skipped="1" hostname="IQA_Abhilash" name="com.StudentApp.tests.Test_Login" tests="1" failures="0" timestamp="09 Jul 2018 09:27:23 GMT" time="0.000" errors="0">
  <testcase name="TC001_Login_With_Credentials" time="0.000" classname="com.StudentApp.tests.Test_Login">
    <skipped/>
  </testcase> <!-- TC001_Login_With_Credentials -->
</testsuite> <!-- com.StudentApp.tests.Test_Login -->
