<?xml version="1.0" encoding="UTF-8"?>
<!-- Generated by org.testng.reporters.JUnitReportReporter -->
<testsuite hostname="IQA-AbhilashS" failures="0" tests="1" name="com.StudentApp.tests.Test_WelcomePage" time="45.805" errors="0" timestamp="28 Jun 2018 10:46:18 GMT" skipped="0">
  <testcase classname="com.StudentApp.tests.Test_WelcomePage" name="TC_001_verify_loginpanel_section" time="45.805"/>
</testsuite> <!-- com.StudentApp.tests.Test_WelcomePage -->
