<?xml version="1.0" encoding="UTF-8"?>
<!-- Generated by org.testng.reporters.JUnitReportReporter -->
<testsuite hostname="IQA-AbhilashS" failures="0" tests="1" name="com.StudentApp.tests.Test_Login" time="60.642" errors="0" timestamp="28 Jun 2018 10:46:18 GMT" skipped="0">
  <testcase classname="com.StudentApp.tests.Test_Login" name="TC001_Login_With_Credentials" time="60.642"/>
</testsuite> <!-- com.StudentApp.tests.Test_Login -->
