<?xml version="1.0" encoding="UTF-8"?>
<!-- Generated by org.testng.reporters.JUnitReportReporter -->
<testsuite skipped="0" hostname="DLDA1799" name="com.qait.tests.Test_Login" tests="1" failures="0" timestamp="26 Jun 2018 08:49:00 GMT" time="1.356" errors="0">
  <testcase name="TC001_Login_blankCredentials" time="1.356" classname="com.qait.tests.Test_Login"/>
</testsuite> <!-- com.qait.tests.Test_Login -->
