<?xml version="1.0" encoding="UTF-8"?>
<!-- Generated by org.testng.reporters.JUnitReportReporter -->
<testsuite skipped="0" hostname="DLDA1799" name="com.qait.tests.Test_WelcomePage" tests="6" failures="0" timestamp="26 Jun 2018 08:49:00 GMT" time="6.464" errors="0">
  <testcase name="TC_005_verify_hrpolicy_section" time="1.597" classname="com.qait.tests.Test_WelcomePage"/>
  <testcase name="TC_007_verify_didyouknow_section" time="0.969" classname="com.qait.tests.Test_WelcomePage"/>
  <testcase name="TC_003_verify_celebration_section" time="0.937" classname="com.qait.tests.Test_WelcomePage"/>
  <testcase name="TC_001_verify_loginpanel_section" time="0.986" classname="com.qait.tests.Test_WelcomePage"/>
  <testcase name="TC_002_verify_aboutHRIS_section" time="0.932" classname="com.qait.tests.Test_WelcomePage"/>
  <testcase name="TC_006_verify_foodmenu_section" time="1.043" classname="com.qait.tests.Test_WelcomePage"/>
</testsuite> <!-- com.qait.tests.Test_WelcomePage -->
