<?xml version="1.0" encoding="UTF-8"?>
<!-- Generated by org.testng.reporters.JUnitReportReporter -->
<testsuite skipped="0" hostname="DLDA1799" name="com.qait.base.Configuration" tests="1" failures="0" timestamp="20 Jun 2018 12:27:41 GMT" time="3.853" errors="0">
  <testcase name="start" time="3.853" classname="com.qait.base.Configuration"/>
</testsuite> <!-- com.qait.base.Configuration -->
